<?xml version="1.0" encoding="UTF-8"?>
<!-- Generated by org.testng.reporters.JUnitXMLReporter -->
<testsuite hostname="DESKTOP-0ET4NJV" ignored="0" name="Test" tests="6" failures="0" timestamp="2020-01-24T23:17:25 IST" time="184.158" errors="0">
  <testcase name="runCreateLead" time="12.694" classname="week5.day1.CreateLead"/>
  <testcase name="runCreateLead" time="12.538" classname="week5.day1.CreateLead"/>
  <testcase name="runCreateLead" time="13.016" classname="week5.day1.CreateLead"/>
  <testcase name="runEditLead" time="21.587" classname="week5.day1.EditLead"/>
  <testcase name="runEditLead" time="21.353" classname="week5.day1.EditLead"/>
  <testcase name="runEditLead" time="22.579" classname="week5.day1.EditLead"/>
</testsuite> <!-- Test -->
