<?xml version="1.0" encoding="UTF-8"?>
<testng-results skipped="0" failed="0" ignored="0" total="4" passed="4">
  <reporter-output>
  </reporter-output>
  <suite name="Default suite" duration-ms="75754" started-at="2020-01-29T00:07:13 IST" finished-at="2020-01-29T00:08:29 IST">
    <groups>
      <group name="cucumber">
        <method signature="AbstractTestNGCucumberTests.runScenario(cucumber.api.testng.PickleEventWrapper, cucumber.api.testng.CucumberFeatureWrapper)[pri:0, instance:runner.RunTest@64729b1e]" name="runScenario" class="cucumber.api.testng.AbstractTestNGCucumberTests"/>
      </group> <!-- cucumber -->
    </groups>
    <test name="Default test" duration-ms="75754" started-at="2020-01-29T00:07:13 IST" finished-at="2020-01-29T00:08:29 IST">
      <class name="runner.RunTest">
        <test-method status="PASS" signature="setUpClass()[pri:0, instance:runner.RunTest@64729b1e]" name="setUpClass" is-config="true" duration-ms="172" started-at="2020-01-29T00:07:13 IST" finished-at="2020-01-29T00:07:14 IST">
          <reporter-output>
          </reporter-output>
        </test-method> <!-- setUpClass -->
        <test-method status="PASS" signature="runScenario(cucumber.api.testng.PickleEventWrapper, cucumber.api.testng.CucumberFeatureWrapper)[pri:0, instance:runner.RunTest@64729b1e]" name="runScenario" duration-ms="20330" started-at="2020-01-29T00:07:14 IST" description="Runs Cucumber Scenarios" data-provider="scenarios" finished-at="2020-01-29T00:07:34 IST">
          <params>
            <param index="0">
              <value>
                <![CDATA["TC001_Positive_CreateLead_Flow"]]>
              </value>
            </param>
            <param index="1">
              <value>
                <![CDATA["Lead for Leaftaps Application"]]>
              </value>
            </param>
          </params>
          <reporter-output>
          </reporter-output>
        </test-method> <!-- runScenario -->
        <test-method status="PASS" signature="runScenario(cucumber.api.testng.PickleEventWrapper, cucumber.api.testng.CucumberFeatureWrapper)[pri:0, instance:runner.RunTest@64729b1e]" name="runScenario" duration-ms="14826" started-at="2020-01-29T00:07:34 IST" description="Runs Cucumber Scenarios" data-provider="scenarios" finished-at="2020-01-29T00:07:49 IST">
          <params>
            <param index="0">
              <value>
                <![CDATA["TC002_CreateLead_DynamicData"]]>
              </value>
            </param>
            <param index="1">
              <value>
                <![CDATA["Lead for Leaftaps Application"]]>
              </value>
            </param>
          </params>
          <reporter-output>
          </reporter-output>
        </test-method> <!-- runScenario -->
        <test-method status="PASS" signature="runScenario(cucumber.api.testng.PickleEventWrapper, cucumber.api.testng.CucumberFeatureWrapper)[pri:0, instance:runner.RunTest@64729b1e]" name="runScenario" duration-ms="17851" started-at="2020-01-29T00:07:49 IST" description="Runs Cucumber Scenarios" data-provider="scenarios" finished-at="2020-01-29T00:08:07 IST">
          <params>
            <param index="0">
              <value>
                <![CDATA["TC002_CreateLead_DynamicData"]]>
              </value>
            </param>
            <param index="1">
              <value>
                <![CDATA["Lead for Leaftaps Application"]]>
              </value>
            </param>
          </params>
          <reporter-output>
          </reporter-output>
        </test-method> <!-- runScenario -->
        <test-method status="PASS" signature="runScenario(cucumber.api.testng.PickleEventWrapper, cucumber.api.testng.CucumberFeatureWrapper)[pri:0, instance:runner.RunTest@64729b1e]" name="runScenario" duration-ms="22462" started-at="2020-01-29T00:08:07 IST" description="Runs Cucumber Scenarios" data-provider="scenarios" finished-at="2020-01-29T00:08:29 IST">
          <params>
            <param index="0">
              <value>
                <![CDATA["TC001_Positive_EditLead"]]>
              </value>
            </param>
            <param index="1">
              <value>
                <![CDATA["Lead for Leaftaps Application"]]>
              </value>
            </param>
          </params>
          <reporter-output>
          </reporter-output>
        </test-method> <!-- runScenario -->
        <test-method status="PASS" signature="tearDownClass()[pri:0, instance:runner.RunTest@64729b1e]" name="tearDownClass" is-config="true" duration-ms="9" started-at="2020-01-29T00:08:29 IST" finished-at="2020-01-29T00:08:29 IST">
          <reporter-output>
          </reporter-output>
        </test-method> <!-- tearDownClass -->
      </class> <!-- runner.RunTest -->
    </test> <!-- Default test -->
  </suite> <!-- Default suite -->
</testng-results>
